This file contains any messages produced by compilers while
running configure, to aid debugging if configure makes a mistake.

It was created by FreeType configure 2.13.2, which was
generated by GNU Autoconf 2.71.  Invocation command line was

  $ ./configure CC=aarch64-buildroot-linux-gnu-gcc --host=arm-linux --prefix=/home/disk/wcp/Coding/Coding-Rknn/Ocr/Font/Arm/freetype-2.13.2/INSTALL --with-zlib=no --with-png=n

## --------- ##
## Platform. ##
## --------- ##

hostname = kfb-sy08-031
uname -m = x86_64
uname -r = 5.15.0-69-generic
uname -s = Linux
uname -v = #76~20.04.1-Ubuntu SMP Mon Mar 20 15:54:19 UTC 2023

/usr/bin/uname -p = x86_64
/bin/uname -X     = unknown

/bin/arch              = x86_64
/usr/bin/arch -k       = unknown
/usr/convex/getsysinfo = unknown
/usr/bin/hostinfo      = unknown
/bin/machine           = unknown
/usr/bin/oslevel       = unknown
/bin/universe          = unknown

PATH: /home/wcp/anaconda3/bin/
PATH: /home/wcp/anaconda3/condabin/
PATH: /usr/local/sbin/
PATH: /usr/local/bin/
PATH: /usr/sbin/
PATH: /usr/bin/
PATH: /sbin/
PATH: /bin/
PATH: /usr/games/
PATH: /usr/local/games/
PATH: /snap/bin/
PATH: /opt/local/rk3588/gcc-arm-10.3-2021.07-x86_64-aarch64-buildroot-linux-gnu/bin/
PATH: /opt/local/rk3588/gcc-arm-10.3-2021.07-x86_64-aarch64-none-linux-gnu/bin/
PATH: /home/wcp/.fzf/bin/
PATH: /usr/local/cuda-11.7/bin/


## ----------- ##
## Core tests. ##
## ----------- ##

configure:2577: looking for aux files: install-sh ltmain.sh config.guess config.sub
configure:2590:  trying ./
configure:2601:   ./install-sh found
configure:2619:   ./ltmain.sh found
configure:2619:   ./config.guess found
configure:2619:   ./config.sub found
configure:2750: checking build system type
configure:2765: result: x86_64-pc-linux-gnu
configure:2785: checking host system type
configure:2799: result: arm-unknown-linux-gnu
configure:2840: checking for arm-linux-gcc
configure:2872: result: aarch64-buildroot-linux-gnu-gcc
configure:3270: checking for C compiler version
configure:3279: aarch64-buildroot-linux-gnu-gcc --version >&5
aarch64-buildroot-linux-gnu-gcc.br_real (Buildroot linux-5.10-gen-rkr3.1) 10.3.0
Copyright (C) 2020 Free Software Foundation, Inc.
This is free software; see the source for copying conditions.  There is NO
warranty; not even for MERCHANTABILITY or FITNESS FOR A PARTICULAR PURPOSE.

configure:3290: $? = 0
configure:3279: aarch64-buildroot-linux-gnu-gcc -v >&5
Using built-in specs.
COLLECT_GCC=/opt/local/rk3588/gcc-arm-10.3-2021.07-x86_64-aarch64-buildroot-linux-gnu/bin/aarch64-buildroot-linux-gnu-gcc.br_real
COLLECT_LTO_WRAPPER=/opt/local/rk3588/gcc-arm-10.3-2021.07-x86_64-aarch64-buildroot-linux-gnu/bin/../libexec/gcc/aarch64-buildroot-linux-gnu/10.3.0/lto-wrapper
Target: aarch64-buildroot-linux-gnu
Configured with: ./configure --prefix=/home/pis/work/3.RK3588/RK3588_LINUX_SDK_RELEASE/offical_rk3588_sdk/buildroot/output/rockchip_rk3588/host --sysconfdir=/home/pis/work/3.RK3588/RK3588_LINUX_SDK_RELEASE/offical_rk3588_sdk/buildroot/output/rockchip_rk3588/host/etc --enable-static --target=aarch64-buildroot-linux-gnu --with-sysroot=/home/pis/work/3.RK3588/RK3588_LINUX_SDK_RELEASE/offical_rk3588_sdk/buildroot/output/rockchip_rk3588/host/aarch64-buildroot-linux-gnu/sysroot --enable-__cxa_atexit --with-gnu-ld --disable-libssp --disable-multilib --disable-decimal-float --with-gmp=/home/pis/work/3.RK3588/RK3588_LINUX_SDK_RELEASE/offical_rk3588_sdk/buildroot/output/rockchip_rk3588/host --with-mpc=/home/pis/work/3.RK3588/RK3588_LINUX_SDK_RELEASE/offical_rk3588_sdk/buildroot/output/rockchip_rk3588/host --with-mpfr=/home/pis/work/3.RK3588/RK3588_LINUX_SDK_RELEASE/offical_rk3588_sdk/buildroot/output/rockchip_rk3588/host --with-pkgversion='Buildroot linux-5.10-gen-rkr3.1' --with-bugurl=http://bugs.buildroot.net/ --without-zstd --disable-libquadmath --disable-libquadmath-support --enable-tls --enable-threads --without-isl --without-cloog --with-abi=lp64 --with-cpu=cortex-a76.cortex-a55 --enable-languages=c,c++ --with-build-time-tools=/home/pis/work/3.RK3588/RK3588_LINUX_SDK_RELEASE/offical_rk3588_sdk/buildroot/output/rockchip_rk3588/host/aarch64-buildroot-linux-gnu/bin --enable-shared --disable-libgomp
Thread model: posix
Supported LTO compression algorithms: zlib
gcc version 10.3.0 (Buildroot linux-5.10-gen-rkr3.1) 
COMPILER_PATH=/opt/local/rk3588/gcc-arm-10.3-2021.07-x86_64-aarch64-buildroot-linux-gnu/bin/../libexec/gcc/aarch64-buildroot-linux-gnu/10.3.0/:/opt/local/rk3588/gcc-arm-10.3-2021.07-x86_64-aarch64-buildroot-linux-gnu/bin/../libexec/gcc/:/opt/local/rk3588/gcc-arm-10.3-2021.07-x86_64-aarch64-buildroot-linux-gnu/bin/../lib/gcc/aarch64-buildroot-linux-gnu/10.3.0/../../../../aarch64-buildroot-linux-gnu/bin/
LIBRARY_PATH=/opt/local/rk3588/gcc-arm-10.3-2021.07-x86_64-aarch64-buildroot-linux-gnu/bin/../lib/gcc/aarch64-buildroot-linux-gnu/10.3.0/:/opt/local/rk3588/gcc-arm-10.3-2021.07-x86_64-aarch64-buildroot-linux-gnu/bin/../lib/gcc/:/opt/local/rk3588/gcc-arm-10.3-2021.07-x86_64-aarch64-buildroot-linux-gnu/bin/../lib/gcc/aarch64-buildroot-linux-gnu/10.3.0/../../../../aarch64-buildroot-linux-gnu/lib/../lib64/:/opt/local/rk3588/gcc-arm-10.3-2021.07-x86_64-aarch64-buildroot-linux-gnu/aarch64-buildroot-linux-gnu/sysroot/lib/../lib64/:/opt/local/rk3588/gcc-arm-10.3-2021.07-x86_64-aarch64-buildroot-linux-gnu/aarch64-buildroot-linux-gnu/sysroot/usr/lib/../lib64/:/opt/local/rk3588/gcc-arm-10.3-2021.07-x86_64-aarch64-buildroot-linux-gnu/bin/../lib/gcc/aarch64-buildroot-linux-gnu/10.3.0/../../../../aarch64-buildroot-linux-gnu/lib/:/opt/local/rk3588/gcc-arm-10.3-2021.07-x86_64-aarch64-buildroot-linux-gnu/aarch64-buildroot-linux-gnu/sysroot/lib/:/opt/local/rk3588/gcc-arm-10.3-2021.07-x86_64-aarch64-buildroot-linux-gnu/aarch64-buildroot-linux-gnu/sysroot/usr/lib/
... rest of stderr output deleted ...
configure:3290: $? = 1
configure:3279: aarch64-buildroot-linux-gnu-gcc -V >&5
aarch64-buildroot-linux-gnu-gcc.br_real: error: unrecognized command-line option '-V'
configure:3290: $? = 1
configure:3279: aarch64-buildroot-linux-gnu-gcc -qversion >&5
aarch64-buildroot-linux-gnu-gcc.br_real: error: unrecognized command-line option '-qversion'; did you mean '--version'?
configure:3290: $? = 1
configure:3279: aarch64-buildroot-linux-gnu-gcc -version >&5
aarch64-buildroot-linux-gnu-gcc.br_real: error: unrecognized command-line option '-version'
configure:3290: $? = 1
configure:3310: checking whether the C compiler works
configure:3332: aarch64-buildroot-linux-gnu-gcc    conftest.c  >&5
configure:3336: $? = 0
configure:3386: result: yes
configure:3389: checking for C compiler default output file name
configure:3391: result: a.out
configure:3397: checking for suffix of executables
configure:3404: aarch64-buildroot-linux-gnu-gcc -o conftest    conftest.c  >&5
configure:3408: $? = 0
configure:3431: result: 
configure:3453: checking whether we are cross compiling
configure:3461: aarch64-buildroot-linux-gnu-gcc -o conftest    conftest.c  >&5
configure:3465: $? = 0
configure:3472: ./conftest
/lib/ld-linux-aarch64.so.1: No such file or directory
configure:3476: $? = 255
configure:3464: result: yes
configure:3469: checking for suffix of object files
configure:3492: aarch64-buildroot-linux-gnu-gcc -c   conftest.c >&5
configure:3496: $? = 0
configure:3518: result: o
configure:3522: checking whether the compiler supports GNU C
configure:3542: aarch64-buildroot-linux-gnu-gcc -c   conftest.c >&5
configure:3542: $? = 0
configure:3552: result: yes
configure:3563: checking whether aarch64-buildroot-linux-gnu-gcc accepts -g
configure:3584: aarch64-buildroot-linux-gnu-gcc -c -g  conftest.c >&5
configure:3584: $? = 0
configure:3628: result: yes
configure:3648: checking for aarch64-buildroot-linux-gnu-gcc option to enable C11 features
configure:3663: aarch64-buildroot-linux-gnu-gcc  -c -g -O2  conftest.c >&5
configure:3663: $? = 0
configure:3681: result: none needed
configure:3796: checking how to run the C preprocessor
configure:3822: aarch64-buildroot-linux-gnu-gcc -E  conftest.c
configure:3822: $? = 0
configure:3837: aarch64-buildroot-linux-gnu-gcc -E  conftest.c
conftest.c:9:10: fatal error: ac_nonexistent.h: No such file or directory
    9 | #include <ac_nonexistent.h>
      |          ^~~~~~~~~~~~~~~~~~
compilation terminated.
configure:3837: $? = 1
configure: failed program was:
| /* confdefs.h */
| #define PACKAGE_NAME "FreeType"
| #define PACKAGE_TARNAME "freetype"
| #define PACKAGE_VERSION "2.13.2"
| #define PACKAGE_STRING "FreeType 2.13.2"
| #define PACKAGE_BUGREPORT "freetype@nongnu.org"
| #define PACKAGE_URL ""
| /* end confdefs.h.  */
| #include <ac_nonexistent.h>
configure:3864: result: aarch64-buildroot-linux-gnu-gcc -E
configure:3878: aarch64-buildroot-linux-gnu-gcc -E  conftest.c
configure:3878: $? = 0
configure:3893: aarch64-buildroot-linux-gnu-gcc -E  conftest.c
conftest.c:9:10: fatal error: ac_nonexistent.h: No such file or directory
    9 | #include <ac_nonexistent.h>
      |          ^~~~~~~~~~~~~~~~~~
compilation terminated.
configure:3893: $? = 1
configure: failed program was:
| /* confdefs.h */
| #define PACKAGE_NAME "FreeType"
| #define PACKAGE_TARNAME "freetype"
| #define PACKAGE_VERSION "2.13.2"
| #define PACKAGE_STRING "FreeType 2.13.2"
| #define PACKAGE_BUGREPORT "freetype@nongnu.org"
| #define PACKAGE_URL ""
| /* end confdefs.h.  */
| #include <ac_nonexistent.h>
configure:3936: checking for arm-linux-pkg-config
configure:3974: result: no
configure:3984: checking for pkg-config
configure:4007: found /usr/bin/pkg-config
configure:4019: result: /usr/bin/pkg-config
configure:4031: WARNING: using cross tools not prefixed with host triplet
configure:4044: checking pkg-config is at least version 0.24
configure:4047: result: yes
configure:4104: checking how to print strings
configure:4131: result: printf
configure:4152: checking for a sed that does not truncate output
configure:4222: result: /usr/bin/sed
configure:4240: checking for grep that handles long lines and -e
configure:4304: result: /usr/bin/grep
configure:4309: checking for egrep
configure:4377: result: /usr/bin/grep -E
configure:4382: checking for fgrep
configure:4450: result: /usr/bin/grep -F
configure:4486: checking for ld used by aarch64-buildroot-linux-gnu-gcc
configure:4554: result: /opt/local/rk3588/gcc-arm-10.3-2021.07-x86_64-aarch64-buildroot-linux-gnu/aarch64-buildroot-linux-gnu/bin/ld
configure:4561: checking if the linker (/opt/local/rk3588/gcc-arm-10.3-2021.07-x86_64-aarch64-buildroot-linux-gnu/aarch64-buildroot-linux-gnu/bin/ld) is GNU ld
configure:4577: result: yes
configure:4589: checking for BSD- or MS-compatible name lister (nm)
configure:4644: result: no
configure:4658: checking for arm-linux-dumpbin
configure:4693: result: no
configure:4658: checking for arm-linux-link
configure:4693: result: no
configure:4707: checking for dumpbin
configure:4742: result: no
configure:4707: checking for link
configure:4728: found /usr/bin/link
configure:4739: result: link -dump
configure:4784: checking the name lister (nm) interface
configure:4792: aarch64-buildroot-linux-gnu-gcc -c -g -O2  conftest.c >&5
configure:4795: nm "conftest.o"
configure:4798: output
0000000000000000 b $d
0000000000000000 B some_variable
configure:4799: result: BSD nm
configure:4802: checking whether ln -s works
configure:4806: result: yes
configure:4814: checking the maximum length of command line arguments
configure:4946: result: 1572864
configure:4994: checking how to convert x86_64-pc-linux-gnu file names to arm-unknown-linux-gnu format
configure:5035: result: func_convert_file_noop
configure:5042: checking how to convert x86_64-pc-linux-gnu file names to toolchain format
configure:5063: result: func_convert_file_noop
configure:5070: checking for /opt/local/rk3588/gcc-arm-10.3-2021.07-x86_64-aarch64-buildroot-linux-gnu/aarch64-buildroot-linux-gnu/bin/ld option to reload object files
configure:5078: result: -r
configure:5112: checking for arm-linux-file
configure:5147: result: no
configure:5157: checking for file
configure:5178: found /usr/bin/file
configure:5189: result: file
configure:5220: checking for arm-linux-objdump
configure:5255: result: no
configure:5265: checking for objdump
configure:5286: found /usr/bin/objdump
configure:5297: result: objdump
configure:5326: checking how to recognize dependent libraries
configure:5527: result: pass_all
configure:5572: checking for arm-linux-dlltool
configure:5607: result: no
configure:5617: checking for dlltool
configure:5652: result: no
configure:5679: checking how to associate runtime and link libraries
configure:5707: result: printf %s\n
configure:5724: checking for arm-linux-ar
configure:5759: result: no
configure:5773: checking for ar
configure:5794: found /usr/bin/ar
configure:5805: result: ar
configure:5858: checking for archiver @FILE support
configure:5876: aarch64-buildroot-linux-gnu-gcc -c -g -O2  conftest.c >&5
configure:5876: $? = 0
configure:5880: ar cr libconftest.a @conftest.lst >&5
configure:5883: $? = 0
configure:5888: ar cr libconftest.a @conftest.lst >&5
ar: conftest.o: No such file or directory
configure:5891: $? = 1
configure:5890: result: @
configure:5908: checking for arm-linux-strip
configure:5943: result: no
configure:5953: checking for strip
configure:5974: found /usr/bin/strip
configure:5985: result: strip
configure:6017: checking for arm-linux-ranlib
configure:6052: result: no
configure:6062: checking for ranlib
configure:6083: found /usr/bin/ranlib
configure:6094: result: ranlib
configure:6171: checking for gawk
configure:6192: found /usr/bin/gawk
configure:6203: result: gawk
configure:6243: checking command to parse nm output from aarch64-buildroot-linux-gnu-gcc object
configure:6397: aarch64-buildroot-linux-gnu-gcc -c -g -O2  conftest.c >&5
configure:6400: $? = 0
configure:6404: nm conftest.o \| /usr/bin/sed -n -e 's/^.*[ ]\([ABCDGIRSTW][ABCDGIRSTW]*\)[ ][ ]*\([_A-Za-z][_A-Za-z0-9]*\)$/\1 \2 \2/p' | /usr/bin/sed '/ __gnu_lto/d' \> conftest.nm
configure:6407: $? = 0
configure:6473: aarch64-buildroot-linux-gnu-gcc -o conftest -g -O2   conftest.c conftstm.o >&5
configure:6476: $? = 0
configure:6514: result: ok
configure:6561: checking for sysroot
configure:6592: result: no
configure:6599: checking for a working dd
configure:6643: result: /usr/bin/dd
configure:6647: checking how to truncate binary pipes
configure:6663: result: /usr/bin/dd bs=4096 count=1
configure:6955: checking for arm-linux-mt
configure:6990: result: no
configure:7000: checking for mt
configure:7021: found /usr/bin/mt
configure:7032: result: mt
configure:7055: checking if mt is a manifest tool
configure:7062: mt '-?'
configure:7070: result: no
configure:7795: checking for stdio.h
configure:7795: aarch64-buildroot-linux-gnu-gcc -c -g -O2  conftest.c >&5
configure:7795: $? = 0
configure:7795: result: yes
configure:7795: checking for stdlib.h
configure:7795: aarch64-buildroot-linux-gnu-gcc -c -g -O2  conftest.c >&5
configure:7795: $? = 0
configure:7795: result: yes
configure:7795: checking for string.h
configure:7795: aarch64-buildroot-linux-gnu-gcc -c -g -O2  conftest.c >&5
configure:7795: $? = 0
configure:7795: result: yes
configure:7795: checking for inttypes.h
configure:7795: aarch64-buildroot-linux-gnu-gcc -c -g -O2  conftest.c >&5
configure:7795: $? = 0
configure:7795: result: yes
configure:7795: checking for stdint.h
configure:7795: aarch64-buildroot-linux-gnu-gcc -c -g -O2  conftest.c >&5
configure:7795: $? = 0
configure:7795: result: yes
configure:7795: checking for strings.h
configure:7795: aarch64-buildroot-linux-gnu-gcc -c -g -O2  conftest.c >&5
configure:7795: $? = 0
configure:7795: result: yes
configure:7795: checking for sys/stat.h
configure:7795: aarch64-buildroot-linux-gnu-gcc -c -g -O2  conftest.c >&5
configure:7795: $? = 0
configure:7795: result: yes
configure:7795: checking for sys/types.h
configure:7795: aarch64-buildroot-linux-gnu-gcc -c -g -O2  conftest.c >&5
configure:7795: $? = 0
configure:7795: result: yes
configure:7795: checking for unistd.h
configure:7795: aarch64-buildroot-linux-gnu-gcc -c -g -O2  conftest.c >&5
configure:7795: $? = 0
configure:7795: result: yes
configure:7795: checking for sys/param.h
configure:7795: aarch64-buildroot-linux-gnu-gcc -c -g -O2  conftest.c >&5
configure:7795: $? = 0
configure:7795: result: yes
configure:7820: checking for dlfcn.h
configure:7820: aarch64-buildroot-linux-gnu-gcc -c -g -O2  conftest.c >&5
configure:7820: $? = 0
configure:7820: result: yes
configure:8407: checking for objdir
configure:8423: result: .libs
configure:8683: checking if aarch64-buildroot-linux-gnu-gcc supports -fno-rtti -fno-exceptions
configure:8702: aarch64-buildroot-linux-gnu-gcc -c -g -O2  -fno-rtti -fno-exceptions conftest.c >&5
cc1: warning: command-line option '-fno-rtti' is valid for C++/D/ObjC++ but not for C
configure:8706: $? = 0
configure:8719: result: no
configure:9077: checking for aarch64-buildroot-linux-gnu-gcc option to produce PIC
configure:9085: result: -fPIC -DPIC
configure:9093: checking if aarch64-buildroot-linux-gnu-gcc PIC flag -fPIC -DPIC works
configure:9112: aarch64-buildroot-linux-gnu-gcc -c -g -O2  -fPIC -DPIC -DPIC conftest.c >&5
configure:9116: $? = 0
configure:9129: result: yes
configure:9158: checking if aarch64-buildroot-linux-gnu-gcc static flag -static works
configure:9187: result: yes
configure:9202: checking if aarch64-buildroot-linux-gnu-gcc supports -c -o file.o
configure:9224: aarch64-buildroot-linux-gnu-gcc -c -g -O2  -o out/conftest2.o conftest.c >&5
configure:9228: $? = 0
configure:9250: result: yes
configure:9258: checking if aarch64-buildroot-linux-gnu-gcc supports -c -o file.o
configure:9306: result: yes
configure:9339: checking whether the aarch64-buildroot-linux-gnu-gcc linker (/opt/local/rk3588/gcc-arm-10.3-2021.07-x86_64-aarch64-buildroot-linux-gnu/aarch64-buildroot-linux-gnu/bin/ld) supports shared libraries
configure:10607: result: yes
configure:10644: checking whether -lc should be explicitly linked in
configure:10653: aarch64-buildroot-linux-gnu-gcc -c -g -O2  conftest.c >&5
configure:10656: $? = 0
configure:10671: aarch64-buildroot-linux-gnu-gcc -shared  -fPIC -DPIC conftest.o  -v -Wl,-soname -Wl,conftest -o conftest 2\>\&1 \| /usr/bin/grep  -lc  \>/dev/null 2\>\&1
configure:10674: $? = 0
configure:10688: result: no
configure:10848: checking dynamic linker characteristics
configure:11430: aarch64-buildroot-linux-gnu-gcc -o conftest -g -O2   -Wl,-rpath -Wl,/foo conftest.c  >&5
configure:11430: $? = 0
configure:11669: result: GNU/Linux ld.so
configure:11791: checking how to hardcode library paths into programs
configure:11816: result: immediate
configure:12368: checking whether stripping libraries is possible
configure:12377: result: yes
configure:12419: checking if libtool supports shared libraries
configure:12421: result: yes
configure:12424: checking whether to build shared libraries
configure:12449: result: yes
configure:12452: checking whether to build static libraries
configure:12456: result: yes
configure:9256: checking for windows.h
configure:9256: aarch64-buildroot-linux-gnu-gcc -c -g -O2  conftest.c >&5
conftest.c:50:10: fatal error: windows.h: No such file or directory
   50 | #include <windows.h>
      |          ^~~~~~~~~~~
compilation terminated.
configure:9256: $? = 1
configure: failed program was:
| /* confdefs.h */
| #define PACKAGE_NAME "FreeType"
| #define PACKAGE_TARNAME "freetype"
| #define PACKAGE_VERSION "2.13.2"
| #define PACKAGE_STRING "FreeType 2.13.2"
| #define PACKAGE_BUGREPORT "freetype@nongnu.org"
| #define PACKAGE_URL ""
| #define HAVE_STDIO_H 1
| #define HAVE_STDLIB_H 1
| #define HAVE_STRING_H 1
| #define HAVE_INTTYPES_H 1
| #define HAVE_STDINT_H 1
| #define HAVE_STRINGS_H 1
| #define HAVE_SYS_STAT_H 1
| #define HAVE_SYS_TYPES_H 1
| #define HAVE_UNISTD_H 1
| #define HAVE_SYS_PARAM_H 1
| #define STDC_HEADERS 1
| #define HAVE_DLFCN_H 1
| #define LT_OBJDIR ".libs/"
| /* end confdefs.h.  */
| #include <stddef.h>
| #ifdef HAVE_STDIO_H
| # include <stdio.h>
| #endif
| #ifdef HAVE_STDLIB_H
| # include <stdlib.h>
| #endif
| #ifdef HAVE_STRING_H
| # include <string.h>
| #endif
| #ifdef HAVE_INTTYPES_H
| # include <inttypes.h>
| #endif
| #ifdef HAVE_STDINT_H
| # include <stdint.h>
| #endif
| #ifdef HAVE_STRINGS_H
| # include <strings.h>
| #endif
| #ifdef HAVE_SYS_TYPES_H
| # include <sys/types.h>
| #endif
| #ifdef HAVE_SYS_STAT_H
| # include <sys/stat.h>
| #endif
| #ifdef HAVE_UNISTD_H
| # include <unistd.h>
| #endif
| #include <windows.h>
configure:9256: result: no
configure:9447: checking for x86_64-pc-linux-gnu-gcc
configure:9482: result: no
configure:9489: checking for gcc
configure:9510: found /usr/bin/gcc
configure:9521: result: gcc
configure:9531: checking for gcc
configure:9580: result: gcc
configure:9590: checking for suffix of native executables
configure:9604: result: 
configure:9635: checking for a BSD-compatible install
configure:9708: result: /usr/bin/install -c
configure:9728: checking for a race-free mkdir -p
configure:9772: result: /usr/bin/mkdir -p
configure:9786: checking for fcntl.h
configure:9786: aarch64-buildroot-linux-gnu-gcc -c -g -O2  conftest.c >&5
configure:9786: $? = 0
configure:9786: result: yes
configure:9792: checking for unistd.h
configure:9792: result: yes
configure:9803: checking for an ANSI C-conforming const
configure:9870: aarch64-buildroot-linux-gnu-gcc -c -g -O2  conftest.c >&5
configure:9870: $? = 0
configure:9878: result: yes
configure:9913: checking for special C compiler options needed for large files
configure:9961: result: no
configure:9967: checking for _FILE_OFFSET_BITS value needed for large files
configure:9993: aarch64-buildroot-linux-gnu-gcc -c -g -O2  conftest.c >&5
configure:9993: $? = 0
configure:10027: result: no
configure:10138: checking for getpagesize
configure:10138: aarch64-buildroot-linux-gnu-gcc -o conftest -g -O2   conftest.c  >&5
configure:10138: $? = 0
configure:10138: result: yes
configure:10149: checking for working mmap
configure:10312: result: yes
configure:10324: checking for aarch64-buildroot-linux-gnu-gcc options needed to detect all undeclared functions
configure:10346: aarch64-buildroot-linux-gnu-gcc -c -g -O2   conftest.c >&5
conftest.c: In function 'main':
conftest.c:30:8: error: 'strchr' undeclared (first use in this function)
   30 | (void) strchr;
      |        ^~~~~~
conftest.c:1:1: note: 'strchr' is defined in header '<string.h>'; did you forget to '#include <string.h>'?
    1 | /* confdefs.h */
conftest.c:30:8: note: each undeclared identifier is reported only once for each function it appears in
   30 | (void) strchr;
      |        ^~~~~~
configure:10346: $? = 1
configure: failed program was:
| /* confdefs.h */
| #define PACKAGE_NAME "FreeType"
| #define PACKAGE_TARNAME "freetype"
| #define PACKAGE_VERSION "2.13.2"
| #define PACKAGE_STRING "FreeType 2.13.2"
| #define PACKAGE_BUGREPORT "freetype@nongnu.org"
| #define PACKAGE_URL ""
| #define HAVE_STDIO_H 1
| #define HAVE_STDLIB_H 1
| #define HAVE_STRING_H 1
| #define HAVE_INTTYPES_H 1
| #define HAVE_STDINT_H 1
| #define HAVE_STRINGS_H 1
| #define HAVE_SYS_STAT_H 1
| #define HAVE_SYS_TYPES_H 1
| #define HAVE_UNISTD_H 1
| #define HAVE_SYS_PARAM_H 1
| #define STDC_HEADERS 1
| #define HAVE_DLFCN_H 1
| #define LT_OBJDIR ".libs/"
| #define HAVE_FCNTL_H 1
| #define HAVE_UNISTD_H 1
| #define HAVE_GETPAGESIZE 1
| #define HAVE_MMAP 1
| /* end confdefs.h.  */
| 
| int
| main (void)
| {
| (void) strchr;
|   ;
|   return 0;
| }
configure:10373: aarch64-buildroot-linux-gnu-gcc -c -g -O2   conftest.c >&5
configure:10373: $? = 0
configure:10390: result: none needed
configure:10404: checking whether munmap is declared
configure:10404: aarch64-buildroot-linux-gnu-gcc -c -g -O2   conftest.c >&5
configure:10404: $? = 0
configure:10404: result: yes
configure:10422: checking for munmap's first parameter type
configure:10436: aarch64-buildroot-linux-gnu-gcc -c -g -O2  conftest.c >&5
configure:10436: $? = 0
configure:10438: result: void *
configure:10481: checking aarch64-buildroot-linux-gnu-gcc compiler flag -pedantic to assure ANSI C99 works correctly
configure:10508: aarch64-buildroot-linux-gnu-gcc -c -g -O2  -pedantic  conftest.c >&5
configure:10508: $? = 0
configure:10510: result: ok, adding to XX_ANSIFLAGS
configure:10481: checking aarch64-buildroot-linux-gnu-gcc compiler flag -std=c99 to assure ANSI C99 works correctly
configure:10508: aarch64-buildroot-linux-gnu-gcc -c -g -O2  -pedantic -std=c99  conftest.c >&5
configure:10508: $? = 0
configure:10510: result: ok, adding to XX_ANSIFLAGS
configure:10544: checking for -fvisibility=hidden compiler flag
configure:10559: aarch64-buildroot-linux-gnu-gcc -o conftest -g -O2 -fvisibility=hidden   conftest.c  >&5
configure:10559: $? = 0
configure:10562: result: yes
configure:10814: $PKG_CONFIG --exists --print-errors "$bzip2_pkg"
Package bzip2 was not found in the pkg-config search path.
Perhaps you should add the directory containing `bzip2.pc'
to the PKG_CONFIG_PATH environment variable
No package 'bzip2' found
configure:10817: $? = 1
configure:10824: checking for BZIP2
configure:10831: $PKG_CONFIG --exists --print-errors "$bzip2_pkg"
Package bzip2 was not found in the pkg-config search path.
Perhaps you should add the directory containing `bzip2.pc'
to the PKG_CONFIG_PATH environment variable
No package 'bzip2' found
configure:10834: $? = 1
configure:10848: $PKG_CONFIG --exists --print-errors "$bzip2_pkg"
Package bzip2 was not found in the pkg-config search path.
Perhaps you should add the directory containing `bzip2.pc'
to the PKG_CONFIG_PATH environment variable
No package 'bzip2' found
configure:10851: $? = 1
configure:10865: result: no
No package 'bzip2' found
configure:10909: checking for BZ2_bzDecompress in -lbz2
configure:10932: aarch64-buildroot-linux-gnu-gcc -o conftest -g -O2 -fvisibility=hidden   conftest.c -lbz2   >&5
/opt/local/rk3588/gcc-arm-10.3-2021.07-x86_64-aarch64-buildroot-linux-gnu/bin/../lib/gcc/aarch64-buildroot-linux-gnu/10.3.0/../../../../aarch64-buildroot-linux-gnu/bin/ld: cannot find -lbz2
collect2: error: ld returned 1 exit status
configure:10932: $? = 1
configure: failed program was:
| /* confdefs.h */
| #define PACKAGE_NAME "FreeType"
| #define PACKAGE_TARNAME "freetype"
| #define PACKAGE_VERSION "2.13.2"
| #define PACKAGE_STRING "FreeType 2.13.2"
| #define PACKAGE_BUGREPORT "freetype@nongnu.org"
| #define PACKAGE_URL ""
| #define HAVE_STDIO_H 1
| #define HAVE_STDLIB_H 1
| #define HAVE_STRING_H 1
| #define HAVE_INTTYPES_H 1
| #define HAVE_STDINT_H 1
| #define HAVE_STRINGS_H 1
| #define HAVE_SYS_STAT_H 1
| #define HAVE_SYS_TYPES_H 1
| #define HAVE_UNISTD_H 1
| #define HAVE_SYS_PARAM_H 1
| #define STDC_HEADERS 1
| #define HAVE_DLFCN_H 1
| #define LT_OBJDIR ".libs/"
| #define HAVE_FCNTL_H 1
| #define HAVE_UNISTD_H 1
| #define HAVE_GETPAGESIZE 1
| #define HAVE_MMAP 1
| #define HAVE_DECL_MUNMAP 1
| #define MUNMAP_USES_VOIDP /**/
| /* end confdefs.h.  */
| 
| /* Override any GCC internal prototype to avoid an error.
|    Use char because int might match the return type of a GCC
|    builtin and then its argument prototype would still apply.  */
| char BZ2_bzDecompress ();
| int
| main (void)
| {
| return BZ2_bzDecompress ();
|   ;
|   return 0;
| }
configure:10942: result: no
configure:11157: $PKG_CONFIG --exists --print-errors "$harfbuzz_pkg"
configure:11160: $? = 0
configure:11167: checking for HARFBUZZ
configure:11174: $PKG_CONFIG --exists --print-errors "$harfbuzz_pkg"
configure:11177: $? = 0
configure:11191: $PKG_CONFIG --exists --print-errors "$harfbuzz_pkg"
configure:11194: $? = 0
configure:11232: result: yes
configure:11282: $PKG_CONFIG --exists --print-errors "$brotli_pkg"
Package libbrotlidec was not found in the pkg-config search path.
Perhaps you should add the directory containing `libbrotlidec.pc'
to the PKG_CONFIG_PATH environment variable
No package 'libbrotlidec' found
configure:11285: $? = 1
configure:11292: checking for BROTLI
configure:11299: $PKG_CONFIG --exists --print-errors "$brotli_pkg"
Package libbrotlidec was not found in the pkg-config search path.
Perhaps you should add the directory containing `libbrotlidec.pc'
to the PKG_CONFIG_PATH environment variable
No package 'libbrotlidec' found
configure:11302: $? = 1
configure:11316: $PKG_CONFIG --exists --print-errors "$brotli_pkg"
Package libbrotlidec was not found in the pkg-config search path.
Perhaps you should add the directory containing `libbrotlidec.pc'
to the PKG_CONFIG_PATH environment variable
No package 'libbrotlidec' found
configure:11319: $? = 1
configure:11333: result: no
No package 'libbrotlidec' found
configure:11399: checking for library containing clock_gettime
configure:11429: aarch64-buildroot-linux-gnu-gcc -o conftest -g -O2 -fvisibility=hidden   conftest.c  >&5
configure:11429: $? = 0
configure:11449: result: none required
configure:11478: checking for LIBRSVG
configure:11485: $PKG_CONFIG --exists --print-errors "librsvg-2.0 >= 2.46.0"
Package librsvg-2.0 was not found in the pkg-config search path.
Perhaps you should add the directory containing `librsvg-2.0.pc'
to the PKG_CONFIG_PATH environment variable
No package 'librsvg-2.0' found
configure:11488: $? = 1
configure:11502: $PKG_CONFIG --exists --print-errors "librsvg-2.0 >= 2.46.0"
Package librsvg-2.0 was not found in the pkg-config search path.
Perhaps you should add the directory containing `librsvg-2.0.pc'
to the PKG_CONFIG_PATH environment variable
No package 'librsvg-2.0' found
configure:11505: $? = 1
configure:11519: result: no
No package 'librsvg-2.0' found
configure:12155: checking target system type
configure:12169: result: arm-unknown-linux-gnu
configure:12356: checking whether aarch64-buildroot-linux-gnu-gcc is Clang
configure:12383: result: no
configure:12448: checking whether pthreads work with "-pthread" and "-lpthread"
configure:12559: aarch64-buildroot-linux-gnu-gcc -o conftest -g -O2 -fvisibility=hidden -pthread   conftest.c -lpthread  >&5
configure:12559: $? = 0
configure:12569: result: yes
configure:12692: checking for joinable pthread attribute
configure:12711: aarch64-buildroot-linux-gnu-gcc -o conftest -g -O2 -fvisibility=hidden -pthread   conftest.c -lpthread  >&5
configure:12711: $? = 0
configure:12720: result: PTHREAD_CREATE_JOINABLE
configure:12733: checking whether more special flags are required for pthreads
configure:12747: result: no
configure:12756: checking for PTHREAD_PRIO_INHERIT
configure:12774: aarch64-buildroot-linux-gnu-gcc -o conftest -g -O2 -fvisibility=hidden -pthread   conftest.c -lpthread  >&5
configure:12774: $? = 0
configure:12784: result: yes
configure:12968: checking for python3
configure:12989: found /home/wcp/anaconda3/bin/python3
configure:13000: result: python3
configure:13022: checking for python version
configure:13027: result: 3.9.12
configure:13087: checking for `docwriter' Python module
configure:13095: result: no
configure:13359: creating ./config.status

## ---------------------- ##
## Running config.status. ##
## ---------------------- ##

This file was extended by FreeType config.status 2.13.2, which was
generated by GNU Autoconf 2.71.  Invocation command line was

  CONFIG_FILES    = 
  CONFIG_HEADERS  = 
  CONFIG_LINKS    = 
  CONFIG_COMMANDS = 
  $ ./config.status 

on kfb-sy08-031

config.status:1144: creating ftoption.h
config.status:1144: creating unix-cc.mk
config.status:1144: creating unix-def.mk
config.status:1144: creating ftconfig.h
config.status:1339: executing libtool commands
configure:15601:

Library configuration:
  external zlib: no
  bzip2:         no
  libpng:        no
  harfbuzz:      yes (pkg-config)
  brotli:        no
  pthread:       yes

configure:15625: WARNING:
  `make refdoc' will fail since pip package `docwriter' is not installed.
  To install, run `python3 -m pip install docwriter', or to use a Python
  virtual environment, run `make refdoc-venv' (requires pip package
  `virtualenv').  These operations require Python >= 3.5.
  

## ---------------- ##
## Cache variables. ##
## ---------------- ##

ac_cv_build=x86_64-pc-linux-gnu
ac_cv_c_compiler_gnu=yes
ac_cv_c_const=yes
ac_cv_c_undeclared_builtin_options='none needed'
ac_cv_env_BROTLI_CFLAGS_set=
ac_cv_env_BROTLI_CFLAGS_value=
ac_cv_env_BROTLI_LIBS_set=
ac_cv_env_BROTLI_LIBS_value=
ac_cv_env_BZIP2_CFLAGS_set=
ac_cv_env_BZIP2_CFLAGS_value=
ac_cv_env_BZIP2_LIBS_set=
ac_cv_env_BZIP2_LIBS_value=
ac_cv_env_CC_set=set
ac_cv_env_CC_value=aarch64-buildroot-linux-gnu-gcc
ac_cv_env_CFLAGS_set=
ac_cv_env_CFLAGS_value=
ac_cv_env_CPPFLAGS_set=
ac_cv_env_CPPFLAGS_value=
ac_cv_env_CPP_set=
ac_cv_env_CPP_value=
ac_cv_env_HARFBUZZ_CFLAGS_set=
ac_cv_env_HARFBUZZ_CFLAGS_value=
ac_cv_env_HARFBUZZ_LIBS_set=
ac_cv_env_HARFBUZZ_LIBS_value=
ac_cv_env_LDFLAGS_set=
ac_cv_env_LDFLAGS_value=
ac_cv_env_LIBPNG_CFLAGS_set=
ac_cv_env_LIBPNG_CFLAGS_value=
ac_cv_env_LIBPNG_LIBS_set=
ac_cv_env_LIBPNG_LIBS_value=
ac_cv_env_LIBRSVG_CFLAGS_set=
ac_cv_env_LIBRSVG_CFLAGS_value=
ac_cv_env_LIBRSVG_LIBS_set=
ac_cv_env_LIBRSVG_LIBS_value=
ac_cv_env_LIBS_set=
ac_cv_env_LIBS_value=
ac_cv_env_LT_SYS_LIBRARY_PATH_set=
ac_cv_env_LT_SYS_LIBRARY_PATH_value=
ac_cv_env_PKG_CONFIG_LIBDIR_set=
ac_cv_env_PKG_CONFIG_LIBDIR_value=
ac_cv_env_PKG_CONFIG_PATH_set=set
ac_cv_env_PKG_CONFIG_PATH_value=/usr/local/lib/pkgconfig::/usr/local/lib/pkgconfig
ac_cv_env_PKG_CONFIG_set=
ac_cv_env_PKG_CONFIG_value=
ac_cv_env_ZLIB_CFLAGS_set=
ac_cv_env_ZLIB_CFLAGS_value=
ac_cv_env_ZLIB_LIBS_set=
ac_cv_env_ZLIB_LIBS_value=
ac_cv_env_build_alias_set=
ac_cv_env_build_alias_value=
ac_cv_env_host_alias_set=set
ac_cv_env_host_alias_value=arm-linux
ac_cv_env_target_alias_set=
ac_cv_env_target_alias_value=
ac_cv_func_getpagesize=yes
ac_cv_func_mmap_fixed_mapped=yes
ac_cv_have_decl_munmap=yes
ac_cv_header_dlfcn_h=yes
ac_cv_header_fcntl_h=yes
ac_cv_header_inttypes_h=yes
ac_cv_header_stdint_h=yes
ac_cv_header_stdio_h=yes
ac_cv_header_stdlib_h=yes
ac_cv_header_string_h=yes
ac_cv_header_strings_h=yes
ac_cv_header_sys_param_h=yes
ac_cv_header_sys_stat_h=yes
ac_cv_header_sys_types_h=yes
ac_cv_header_unistd_h=yes
ac_cv_header_windows_h=no
ac_cv_host=arm-unknown-linux-gnu
ac_cv_lib_bz2_BZ2_bzDecompress=no
ac_cv_objext=o
ac_cv_path_EGREP='/usr/bin/grep -E'
ac_cv_path_FGREP='/usr/bin/grep -F'
ac_cv_path_GREP=/usr/bin/grep
ac_cv_path_SED=/usr/bin/sed
ac_cv_path_ac_pt_PKG_CONFIG=/usr/bin/pkg-config
ac_cv_path_install='/usr/bin/install -c'
ac_cv_path_lt_DD=/usr/bin/dd
ac_cv_path_mkdir=/usr/bin/mkdir
ac_cv_prog_AWK=gawk
ac_cv_prog_CC=aarch64-buildroot-linux-gnu-gcc
ac_cv_prog_CC_BUILD=gcc
ac_cv_prog_CPP='aarch64-buildroot-linux-gnu-gcc -E'
ac_cv_prog_PYTHON=python3
ac_cv_prog_ac_ct_AR=ar
ac_cv_prog_ac_ct_DUMPBIN='link -dump'
ac_cv_prog_ac_ct_FILECMD=file
ac_cv_prog_ac_ct_MANIFEST_TOOL=mt
ac_cv_prog_ac_ct_OBJDUMP=objdump
ac_cv_prog_ac_ct_RANLIB=ranlib
ac_cv_prog_ac_ct_STRIP=strip
ac_cv_prog_cc_c11=
ac_cv_prog_cc_g=yes
ac_cv_prog_cc_stdc=
ac_cv_search_clock_gettime='none required'
ac_cv_sys_file_offset_bits=no
ac_cv_sys_largefile_CC=no
ac_cv_target=arm-unknown-linux-gnu
ax_cv_PTHREAD_CLANG=no
ax_cv_PTHREAD_JOINABLE_ATTR=PTHREAD_CREATE_JOINABLE
ax_cv_PTHREAD_PRIO_INHERIT=yes
ax_cv_PTHREAD_SPECIAL_FLAGS=no
lt_cv_ar_at_file=@
lt_cv_archive_cmds_need_lc=no
lt_cv_deplibs_check_method=pass_all
lt_cv_file_magic_cmd='$MAGIC_CMD'
lt_cv_file_magic_test_file=
lt_cv_ld_reload_flag=-r
lt_cv_nm_interface='BSD nm'
lt_cv_objdir=.libs
lt_cv_path_LD=/opt/local/rk3588/gcc-arm-10.3-2021.07-x86_64-aarch64-buildroot-linux-gnu/aarch64-buildroot-linux-gnu/bin/ld
lt_cv_path_NM=no
lt_cv_path_mainfest_tool=no
lt_cv_prog_compiler_c_o=yes
lt_cv_prog_compiler_pic='-fPIC -DPIC'
lt_cv_prog_compiler_pic_works=yes
lt_cv_prog_compiler_rtti_exceptions=no
lt_cv_prog_compiler_static_works=yes
lt_cv_prog_gnu_ld=yes
lt_cv_sharedlib_from_linklib_cmd='printf %s\n'
lt_cv_shlibpath_overrides_runpath=no
lt_cv_sys_global_symbol_pipe='/usr/bin/sed -n -e '\''s/^.*[	 ]\([ABCDGIRSTW][ABCDGIRSTW]*\)[	 ][	 ]*\([_A-Za-z][_A-Za-z0-9]*\)$/\1 \2 \2/p'\'' | /usr/bin/sed '\''/ __gnu_lto/d'\'''
lt_cv_sys_global_symbol_to_c_name_address='/usr/bin/sed -n -e '\''s/^: \(.*\) .*$/  {"\1", (void *) 0},/p'\'' -e '\''s/^[ABCDGIRSTW][ABCDGIRSTW]* .* \(.*\)$/  {"\1", (void *) \&\1},/p'\'''
lt_cv_sys_global_symbol_to_c_name_address_lib_prefix='/usr/bin/sed -n -e '\''s/^: \(.*\) .*$/  {"\1", (void *) 0},/p'\'' -e '\''s/^[ABCDGIRSTW][ABCDGIRSTW]* .* \(lib.*\)$/  {"\1", (void *) \&\1},/p'\'' -e '\''s/^[ABCDGIRSTW][ABCDGIRSTW]* .* \(.*\)$/  {"lib\1", (void *) \&\1},/p'\'''
lt_cv_sys_global_symbol_to_cdecl='/usr/bin/sed -n -e '\''s/^T .* \(.*\)$/extern int \1();/p'\'' -e '\''s/^[ABCDGIRSTW][ABCDGIRSTW]* .* \(.*\)$/extern char \1;/p'\'''
lt_cv_sys_global_symbol_to_import=
lt_cv_sys_max_cmd_len=1572864
lt_cv_to_host_file_cmd=func_convert_file_noop
lt_cv_to_tool_file_cmd=func_convert_file_noop
lt_cv_truncate_bin='/usr/bin/dd bs=4096 count=1'
pkg_cv_HARFBUZZ_CFLAGS='-I/usr/include/harfbuzz -I/usr/include/glib-2.0 -I/usr/lib/x86_64-linux-gnu/glib-2.0/include'
pkg_cv_HARFBUZZ_LIBS=-lharfbuzz

## ----------------- ##
## Output variables. ##
## ----------------- ##

AR='ar'
AS='as'
AWK='gawk'
BROTLI_CFLAGS=''
BROTLI_LIBS=''
BZIP2_CFLAGS=''
BZIP2_LIBS=''
CC='aarch64-buildroot-linux-gnu-gcc'
CC_BUILD='gcc'
CFLAGS='-g -O2 -fvisibility=hidden -I/usr/include/harfbuzz -I/usr/include/glib-2.0 -I/usr/lib/x86_64-linux-gnu/glib-2.0/include -pthread'
CPP='aarch64-buildroot-linux-gnu-gcc -E'
CPPFLAGS=''
DEFS='-DHAVE_CONFIG_H'
DLLTOOL='false'
DSYMUTIL=''
DUMPBIN=':'
ECHO_C=''
ECHO_N='-n'
ECHO_T=''
EGREP='/usr/bin/grep -E'
EXEEXT=''
EXEEXT_BUILD=''
FGREP='/usr/bin/grep -F'
FILECMD='file'
FTSYS_SRC='$(PLATFORM_DIR)/ftsystem.c'
FT_DEMO_CFLAGS=''
FT_DEMO_LDFLAGS=''
GREP='/usr/bin/grep'
HARFBUZZ_CFLAGS='-I/usr/include/harfbuzz -I/usr/include/glib-2.0 -I/usr/lib/x86_64-linux-gnu/glib-2.0/include'
HARFBUZZ_LIBS='-lharfbuzz'
INSTALL_DATA='${INSTALL} -m 644'
INSTALL_FT2_CONFIG='FALSE'
INSTALL_PROGRAM='${INSTALL}'
INSTALL_SCRIPT='${INSTALL}'
LD='/opt/local/rk3588/gcc-arm-10.3-2021.07-x86_64-aarch64-buildroot-linux-gnu/aarch64-buildroot-linux-gnu/bin/ld'
LDFLAGS=' -lharfbuzz -pthread -lpthread'
LIBOBJS=''
LIBPNG_CFLAGS=''
LIBPNG_LIBS=''
LIBRSVG_CFLAGS=''
LIBRSVG_LIBS=''
LIBS=''
LIBSSTATIC_CONFIG='-lfreetype -lharfbuzz -lm -lglib-2.0 -pthread -lpcre -pthread -lgraphite2'
LIBTOOL='$(SHELL) $(top_builddir)/libtool'
LIPO=''
LN_S='ln -s'
LTLIBOBJS=''
LT_SYS_LIBRARY_PATH=''
MANIFEST_TOOL=':'
MKDIR_P='/usr/bin/mkdir -p'
NM='nm'
NMEDIT=''
OBJDUMP='objdump'
OBJEXT='o'
OTOOL64=''
OTOOL=''
PACKAGE_BUGREPORT='freetype@nongnu.org'
PACKAGE_NAME='FreeType'
PACKAGE_STRING='FreeType 2.13.2'
PACKAGE_TARNAME='freetype'
PACKAGE_URL=''
PACKAGE_VERSION='2.13.2'
PATH_SEPARATOR=':'
PKGCONFIG_LIBS='-L${libdir} -lfreetype'
PKGCONFIG_LIBS_PRIVATE=''
PKGCONFIG_REQUIRES=''
PKGCONFIG_REQUIRES_PRIVATE='harfbuzz >= 2.0.0'
PKG_CONFIG='/usr/bin/pkg-config'
PKG_CONFIG_LIBDIR=''
PKG_CONFIG_PATH='/usr/local/lib/pkgconfig::/usr/local/lib/pkgconfig'
PTHREAD_CC='aarch64-buildroot-linux-gnu-gcc'
PTHREAD_CFLAGS='-pthread'
PTHREAD_CXX=''
PTHREAD_LIBS='-lpthread'
PYTHON='python3'
PYTHON_VERSION='3.9.12'
RANLIB='ranlib'
RC=''
SED='/usr/bin/sed'
SHELL='/bin/bash'
STRIP='strip'
SYSTEM_ZLIB=''
XX_ANSIFLAGS=' -pedantic -std=c99'
XX_CFLAGS='-Wall'
ZLIB_CFLAGS=''
ZLIB_LIBS=''
ac_ct_AR='ar'
ac_ct_CC=''
ac_ct_DUMPBIN='link -dump'
ax_pthread_config=''
bindir='${exec_prefix}/bin'
build='x86_64-pc-linux-gnu'
build_alias=''
build_cpu='x86_64'
build_libtool_libs=''
build_os='linux-gnu'
build_vendor='pc'
datadir='${datarootdir}'
datarootdir='${prefix}/share'
docdir='${datarootdir}/doc/${PACKAGE_TARNAME}'
dvidir='${docdir}'
exec_prefix='${prefix}'
ft_version='26.1.20'
ftmac_c=''
hardcode_libdir_flag_spec='$wl-rpath $wl$libdir'
have_libpng='no'
host='arm-unknown-linux-gnu'
host_alias='arm-linux'
host_cpu='arm'
host_os='linux-gnu'
host_vendor='unknown'
htmldir='${docdir}'
includedir='${prefix}/include'
infodir='${datarootdir}/info'
libdir='${exec_prefix}/lib'
libexecdir='${exec_prefix}/libexec'
localedir='${datarootdir}/locale'
localstatedir='${prefix}/var'
mandir='${datarootdir}/man'
oldincludedir='/usr/include'
pdfdir='${docdir}'
prefix='/home/disk/wcp/Coding/Coding-Rknn/Ocr/Font/Arm/freetype-2.13.2/INSTALL'
program_transform_name='s,x,x,'
psdir='${docdir}'
runstatedir='${localstatedir}/run'
sbindir='${exec_prefix}/sbin'
sharedstatedir='${prefix}/com'
sysconfdir='${prefix}/etc'
target='arm-unknown-linux-gnu'
target_alias=''
target_cpu='arm'
target_os='linux-gnu'
target_vendor='unknown'
version_info='26:1:20'
wl='-Wl,'

## ----------- ##
## confdefs.h. ##
## ----------- ##

/* confdefs.h */
#define PACKAGE_NAME "FreeType"
#define PACKAGE_TARNAME "freetype"
#define PACKAGE_VERSION "2.13.2"
#define PACKAGE_STRING "FreeType 2.13.2"
#define PACKAGE_BUGREPORT "freetype@nongnu.org"
#define PACKAGE_URL ""
#define HAVE_STDIO_H 1
#define HAVE_STDLIB_H 1
#define HAVE_STRING_H 1
#define HAVE_INTTYPES_H 1
#define HAVE_STDINT_H 1
#define HAVE_STRINGS_H 1
#define HAVE_SYS_STAT_H 1
#define HAVE_SYS_TYPES_H 1
#define HAVE_UNISTD_H 1
#define HAVE_SYS_PARAM_H 1
#define STDC_HEADERS 1
#define HAVE_DLFCN_H 1
#define LT_OBJDIR ".libs/"
#define HAVE_FCNTL_H 1
#define HAVE_UNISTD_H 1
#define HAVE_GETPAGESIZE 1
#define HAVE_MMAP 1
#define HAVE_DECL_MUNMAP 1
#define MUNMAP_USES_VOIDP /**/
#define HAVE_PTHREAD_PRIO_INHERIT 1

configure: exit 0
